{"numFailedTestSuites":0,"numFailedTests":0,"numPassedTestSuites":4,"numPassedTests":8,"numPendingTestSuites":0,"numPendingTests":0,"numRuntimeErrorTestSuites":0,"numTodoTests":0,"numTotalTestSuites":4,"numTotalTests":8,"openHandles":[],"snapshot":{"added":0,"didUpdate":false,"failure":true,"filesAdded":0,"filesRemoved":0,"filesRemovedList":[],"filesUnmatched":0,"filesUpdated":0,"matched":8,"total":8,"unchecked":1,"uncheckedKeysByFile":[{"filePath":"C:\\Himanshu\\digital-design-system\\src\\components\\Select\\__tests__\\Select.test.js","keys":["Select with default renders correctly 1"]}],"unmatched":0,"updated":0},"startTime":1598277328066,"success":false,"testResults":[{"assertionResults":[{"ancestorTitles":["Icon"],"failureMessages":[],"fullName":"Icon default renders correctly","location":null,"status":"passed","title":"default renders correctly"},{"ancestorTitles":["Icon"],"failureMessages":[],"fullName":"Icon with size renders correctly","location":null,"status":"passed","title":"with size renders correctly"},{"ancestorTitles":["Icon"],"failureMessages":[],"fullName":"Icon with spin renders correctly","location":null,"status":"passed","title":"with spin renders correctly"},{"ancestorTitles":["Icon"],"failureMessages":[],"fullName":"Icon with color renders correctly","location":null,"status":"passed","title":"with color renders correctly"},{"ancestorTitles":["Icon"],"failureMessages":[],"fullName":"Icon with border renders correctly","location":null,"status":"passed","title":"with border renders correctly"}],"endTime":1598277363244,"message":"","name":"C:\\Himanshu\\digital-design-system\\src\\components\\Icon\\__tests__\\Icon.test.js","startTime":1598277356072,"status":"passed","summary":""},{"assertionResults":[{"ancestorTitles":["Select"],"failureMessages":[],"fullName":"Select Select default renders correctly","location":null,"status":"passed","title":"Select default renders correctly"}],"endTime":1598277364486,"message":"","name":"C:\\Himanshu\\digital-design-system\\src\\components\\Select\\__tests__\\Select.test.js","startTime":1598277357409,"status":"passed","summary":""},{"assertionResults":[{"ancestorTitles":["Heading"],"failureMessages":[],"fullName":"Heading with default renders correctly","location":null,"status":"passed","title":"with default renders correctly"}],"endTime":1598277364685,"message":"","name":"C:\\Himanshu\\digital-design-system\\src\\components\\Heading\\__tests__\\Heading.test.js","startTime":1598277358110,"status":"passed","summary":""},{"assertionResults":[{"ancestorTitles":[],"failureMessages":[],"fullName":"Paragraph default renders correctly","location":null,"status":"passed","title":"Paragraph default renders correctly"}],"endTime":1598277365392,"message":"","name":"C:\\Himanshu\\digital-design-system\\src\\components\\Paragraph\\__tests__\\Paragraph.test.js","startTime":1598277358905,"status":"passed","summary":""}],"wasInterrupted":false,"coverageMap":{}}